# CVS $Revision: 25130 $ $Author: amaitland $ -- Mon Sep 15 19:12:35 2014 -- reformated by prettylst.pl v1.51 (build 25088)
SOURCELONG:Alderac Entertainment Group - Good	SOURCESHORT:Good	SOURCEWEB:http://alderac.com/d20	SOURCEDATE:2003-01

# Feat Name	Product Identity?	Type Required Class	Required Feat	Required Alignment	Required Language	Required Non-Monster Lvl	Maximum Size	Required Stat	Description	Multiple?	Choose	Bonus	Source Page
Angel of Mercy	NAMEISPI:NO	TYPE:General	PREFEAT:1,Iron Will	PREALIGN:LG,NG,CG	DESC:Your composure in battle and drive to aid those in need allows you to use healing magic even during the distractionof battle. Not even grievious injury can prevent you from tending to a fallen comrade.	BONUS:SITUATION|Concentration=Heal|8	SOURCEPAGE:p.27
Blessings of the Divine	NAMEISPI:NO	TYPE:General	PREFEAT:1,Divine Champion	PREALIGN:LG,NG,CG	DESC:Your dedication to your god has earned his notice, and he grants you a few minor spells each day.	BONUS:SPELLCAST|CLASS=Cleric;LEVEL=0|3	SOURCEPAGE:p.27
Divine Champion	NAMEISPI:NO	TYPE:General	PREALIGN:LG,NG,CG	DESC:The gods have chosen you as their champion. In battle you strike down their enemies -- the undead and evil clerics -- with ease. The gods even provide you with a measure of protection against suchs foes.	BONUS:COMBAT|TOHIT|1|TYPE=Divine	BONUS:COMBAT|AC|1|TYPE=Divine	SOURCEPAGE:p.27
Divine Smite	NAMEISPI:NO	TYPE:Metamagic  PREFEAT:1,TYPE=Metamagic	DESC:Due to your close association with a deity or other divine power, your magic is shot through with divine energy. When you use it against evil creatures, you shatter their bodies and cleave through their mystic defenses.	SOURCEPAGE:p.27
Hero's Aura	NAMEISPI:NO	TYPE:General	PREALIGN:LG,NG,CG	PREPCLEVEL:MIN=5	DESC:Your demeanor reflects your inner goodness. Good people are drawn to you and find comfort in your presence, while you strike fear into evil doers.	BONUS:SKILL|TYPE=Charisma|1	BONUS:SKILL|Intimidate|1	BONUS:SKILL|Leadership|2	SOURCEPAGE:p.28
Hero's Calm	NAMESIPS:NO	TYPE:General	PREALIGN:LG,NG,CG	PREPCLEVEL:MIN=5	DESC:Despite noise, confusion, and other distractions, you can coolly assess a situation. While others panic and rush their work, you are both fast and methodical.	SOURCEPAGE:p.28
Hero's Courage	NAMESIPS:NO	TYPE:General	PREALIGN:LG,NG,CG	DESC:When dreaded monsters appear on the battlefield, you stand tall while others shrink back in terror. You are at your best fighting against creatures that truly challenge you.	BONUS:SITUATION|
Hero's Daring	NAMESIPS:NO	TYPE:General	PREALIGN:LG,NG,CG	PREPCLEVEL:MIN=5	
Hero's Endurance	NAMESIPS:NO	TYPE:General	PREALIGN:LG,NG,CG	PREPCLEVEL:MIN=5	
Hero's Luck	NAMESIPS:NO	TYPE:General	PREALIGN:LG,NG,CG	PREPCLEVEL:MIN=5	
Hero's Skill	NAMESIPS:NO	TYPE:General	PREALIGN:LG,NG,CG	PREPCLEVEL:MIN=5	
Hero's Strength	NAMESIPS:NO	TYPE:General	PREALIGN:LG,NG,CG	PREPCLEVEL:MIN=5	
Hero's Will	NAMESIPS:NO	TYPE:General	PREALIGN:LG,NG,CG	PREPCLEVEL:MIN=5	
Questioning Hero	NAMESIPS:NO	TYPE:General	PREALIGN:LG,NG,CG	PREPCLEVEL:MIN=5	
Show of Faith	NAMESIPS:NO	TYPE:General	PREALIGN:LG,NG,CG	PREPCLEVEL:MIN=5	
True Faith	NAMESIPS:NO	TYPE:General	PREALIGN:LG,NG,CG	PREPCLEVEL:MIN=5	



                                                                                                                                                                                                                                                                                                                                                                                  																												
Animal Friend						NAMEISPI:NO				TYPE:General																																																																							PRESTAT:1,CHA=13				DESC:You quickly form an empathic relationship with unintelligent animals																																																																																															BONUS:SITUATION|Diplomacy=Animal Empathy (Animals)|2	BONUS:SITUATION|Diplomacy=Animal Empathy (Magical Beasts)|2													SOURCEPAGE:p.28
Area of Expertise				NAMEISPI:NO				TYPE:General																																																																							PRESTAT:1,INT=13				DESC:You have done tremendous amounts of research in a single area.																																																																																MULT:NO		CHOOSE:SKILL|Knowledge %																																																										BONUS:SKILL|LIST|2			SOURCEPAGE:p.28
Conceal Weapon					NAMEISPI:NO				TYPE:General																																																																							PRESTAT:1,INT=13				DESC:You are adept at keeping a weapon hidden on your person in such a way that you can draw it without any undue trouble.																																																																																																																																											SOURCEPAGE:p.29
Contortionist						NAMEISPI:NO				TYPE:General																																																																							PRESTAT:1,DEX=13				DESC:You are adept at contorting yourself in order to escape the grasp of others.																																																																																																																																																																SOURCEPAGE:p.29
Dragon Friend						NAMEISPI:NO				TYPE:General																																									PRELANG:1,Draconic	PREPCLEVEL:MAX=1												PRESTAT:2,CHA=13,INT=13	DESC:You, your ancestors, your relatives, or an ally has a strong, friendly relationship with a dragon.																																																																																																																																																					SOURCEPAGE:p.29
Dragonsmith							NAMEISPI:NO				TYPE:ItemCreation	PRECLASS:1,Spellcaster=3	PREFEAT:1,TYPE=ItemCreation																																																						DESC:You are a master of draconic anatomy and have acquired a comprehensive knowledge of the variety of items that can be created from a slain dragon.																																																																																																																													SOURCEPAGE:p.30
Emissary								NAMEISPI:NO				TYPE:General																																																																							PRESTAT:1,CHA=13				DESC:You readily make an empathic bond with strange animals and alien, magical creatures.																																																																																																																																																												SOURCEPAGE:p.30
Fearless								NAMEISPI:NO				TYPE:General																PREFEAT:1,Iron Will																																																										DESC:You have a strong grip on your nerves and are very difficult to terrify.																																																																																																																																																																		SOURCEPAGE:p.30
Greedy Eyes							NAMEISPI:NO				TYPE:General																																																																																			DESC:You have an extraordinary skill for rapidly assessing the value of items.																																																																																																																																																					BONUS:SKILL|Appraise|-2	SOURCEPAGE:p.30
Grim Determination			NAMEISPI:NO				TYPE:General																PREFEAT:2,Iron Will,Fearless																																																					DESC:When others turn and flee in the face of overwhelming odds or unearthly horror, you've only just begun to fight.																																																																																																																																														SOURCEPAGE:p.31
Hamstring								NAMEISPI:NO				TYPE:General																PREFEAT:1,Power Attack																																												PRESTAT:1,STR=13				DESC:You are familiar with the vulnerable portions of a large creatures lower body and can injure its legs in a way that leaves it crippled.																																																																																																																																		SOURCEPAGE:p.31
Invincible							NAMEISPI:NO				TYPE:General																PREFEAT:1,Iron Will,Toughness																																																					DESC:You have a core of mental toughness that allows you to ignore pain that normally would disrupt your concentration  and leave you reeling.																																																																																																																																	SOURCEPAGE:p.31
Lightfooted							NAMEISPI:NO				TYPE:General																																																																							PRESTAT:1,DEX=13				DESC:You are extremely light on your feet.																																																																																																																																																																																			SOURCEPAGE:p.31
Non-Threatening					NAMEISPI:NO				TYPE:General																																																																PRESIZELTEQ:S													DESC:You have a timid, harmless manner that causes large, powerful creatures to underestimate the threat you pose.																																																																																																																																			BONUS:SKILL|Bluff|2			SOURCEPAGE:p.31
Resourceful							NAMEISPI:NO				TYPE:General																																																																																			DESC:You have a peculiar sort of luck: You always pull out the exact item you were looking for from your containers.																																																																																																																																														SOURCEPAGE:p.32
Social Scourge					NAMEISPI:NO				TYPE:General																																																																							PRESTAT:1,CHA=13				DESC:You are the master of the subtle put down.																																																																																																																																																																																	SOURCEPAGE:p.32
Sunder Natural Weapon		NAMEISPI:NO				TYPE:General																PREFEAT:1,Sunder																																																											DESC:You've learned a few special moves that allow you to cripple a creature's natural attacks.																																																																																																																																																									SOURCEPAGE:p.32
Taunt										NAMEISPI:NO				TYPE:General																																																																							PRESTAT:1,CHA=13				DESC:You have a wicked sens of humor and can create scathing, incisive jibes at the drop of a hat.																																																																																																																																																							SOURCEPAGE:p.32